Added Component: Designator=C1(Cap-P-1.5/4)
Add component. Clean all parameters for all variants
Added Component: Designator=C2(Cap-P-1.5/4)
Add component. Clean all parameters for all variants
Added Component: Designator=C3(Cap-Non-150mil)
Add component. Clean all parameters for all variants
Added Component: Designator=C4(CAP-SMD-01005)
Add component. Clean all parameters for all variants
Added Component: Designator=C5(CAP-SMD-01005)
Add component. Clean all parameters for all variants
Added Component: Designator=C6(CAP-SMD-01005)
Add component. Clean all parameters for all variants
Added Component: Designator=C7(CAP-SMD-01005)
Add component. Clean all parameters for all variants
Added Component: Designator=C8(Cap-P-1.5/4)
Add component. Clean all parameters for all variants
Added Component: Designator=C9(Cap-Non-150mil)
Add component. Clean all parameters for all variants
Added Component: Designator=C10(Cap-P-1.5/4)
Add component. Clean all parameters for all variants
Added Component: Designator=C11(Cap-P-1.5/4)
Add component. Clean all parameters for all variants
Added Component: Designator=C12(Cap-Non-150mil)
Add component. Clean all parameters for all variants
Added Component: Designator=C13(Cap-Non-150mil)
Add component. Clean all parameters for all variants
Added Component: Designator=C14(Cap-P-1.5/4)
Add component. Clean all parameters for all variants
Added Component: Designator=C15(Cap-Non-150mil)
Add component. Clean all parameters for all variants
Added Component: Designator=C?(CAP-SMD-01005)
Add component. Clean all parameters for all variants
Added Component: Designator=C?(CAP-SMD-01005)
Add component. Clean all parameters for all variants
Added Component: Designator=CN3(KF2/5.08)
Add component. Clean all parameters for all variants
Added Component: Designator=D1(SOD 106)
Add component. Clean all parameters for all variants
Added Component: Designator=D2(SOD 106)
Add component. Clean all parameters for all variants
Added Component: Designator=D3(SOD 106)
Add component. Clean all parameters for all variants
Added Component: Designator=D4(SOD 106)
Add component. Clean all parameters for all variants
Added Component: Designator=F1(Fuse-Dip1)
Add component. Clean all parameters for all variants
Added Component: Designator=IC1(SOIC127P600X175-16N)
Add component. Clean all parameters for all variants
Add component (AddParameter): Name = "Author"; Value = "CERN DEM JLC"; VariantName = "[No Variations]"
Add component (AddParameter): Name = "Bonding"; Value = "No"; VariantName = "[No Variations]"
Add component (AddParameter): Name = "Case"; Value = "SOIC16"; VariantName = "[No Variations]"
Add component (AddParameter): Name = "ComponentHeight"; Value = "1.75mm"; VariantName = "[No Variations]"
Add component (AddParameter): Name = "Component Type"; Value = "Standard"; VariantName = "[No Variations]"
Add component (AddParameter): Name = "CreateDate"; Value = "6/5/2012"; VariantName = "[No Variations]"
Add component (AddParameter): Name = "Device"; Value = "SN74HC595D"; VariantName = "[No Variations]"
Add component (AddParameter): Name = "HelpURL"; Value = "\\cern.ch\dfs\Applications\Altium\Datasheets\SN74HC595D.pdf"; VariantName = "[No Variations]"
Add component (AddParameter): Name = "LatestRevisionDate"; Value = "6/5/2012"; VariantName = "[No Variations]"
Add component (AddParameter): Name = "Manufacturer"; Value = "TEXAS INSTRUMENTS"; VariantName = "[No Variations]"
Add component (AddParameter): Name = "Manufacturer Part Number"; Value = "SN74HC595D"; VariantName = "[No Variations]"
Add component (AddParameter): Name = "Mounted"; Value = "Yes"; VariantName = "[No Variations]"
Add component (AddParameter): Name = "PackageDescription"; Value = "SOIC 16, Pitch 1.27mm - Body 4x10mm, IPC Medium Density"; VariantName = "[No Variations]"
Add component (AddParameter): Name = "Part Description"; Value = "8-Bit Shift Register With 3-State Output Registers"; VariantName = "[No Variations]"
Add component (AddParameter): Name = "Part Number"; Value = "SN74HC595D"; VariantName = "[No Variations]"
Add component (AddParameter): Name = "Pin Count"; Value = "16"; VariantName = "[No Variations]"
Add component (AddParameter): Name = "PressFit"; Value = "No"; VariantName = "[No Variations]"
Add component (AddParameter): Name = "Sense"; Value = "No"; VariantName = "[No Variations]"
Add component (AddParameter): Name = "SMD"; Value = "Yes"; VariantName = "[No Variations]"
Add component (AddParameter): Name = "Socket"; Value = "No"; VariantName = "[No Variations]"
Added Component: Designator=IC2(SOIC127P600X175-16N)
Add component. Clean all parameters for all variants
Add component (AddParameter): Name = "Author"; Value = "CERN DEM JLC"; VariantName = "[No Variations]"
Add component (AddParameter): Name = "Bonding"; Value = "No"; VariantName = "[No Variations]"
Add component (AddParameter): Name = "Case"; Value = "SOIC16"; VariantName = "[No Variations]"
Add component (AddParameter): Name = "ComponentHeight"; Value = "1.75mm"; VariantName = "[No Variations]"
Add component (AddParameter): Name = "Component Type"; Value = "Standard"; VariantName = "[No Variations]"
Add component (AddParameter): Name = "CreateDate"; Value = "6/5/2012"; VariantName = "[No Variations]"
Add component (AddParameter): Name = "Device"; Value = "SN74HC595D"; VariantName = "[No Variations]"
Add component (AddParameter): Name = "HelpURL"; Value = "\\cern.ch\dfs\Applications\Altium\Datasheets\SN74HC595D.pdf"; VariantName = "[No Variations]"
Add component (AddParameter): Name = "LatestRevisionDate"; Value = "6/5/2012"; VariantName = "[No Variations]"
Add component (AddParameter): Name = "Manufacturer"; Value = "TEXAS INSTRUMENTS"; VariantName = "[No Variations]"
Add component (AddParameter): Name = "Manufacturer Part Number"; Value = "SN74HC595D"; VariantName = "[No Variations]"
Add component (AddParameter): Name = "Mounted"; Value = "Yes"; VariantName = "[No Variations]"
Add component (AddParameter): Name = "PackageDescription"; Value = "SOIC 16, Pitch 1.27mm - Body 4x10mm, IPC Medium Density"; VariantName = "[No Variations]"
Add component (AddParameter): Name = "Part Description"; Value = "8-Bit Shift Register With 3-State Output Registers"; VariantName = "[No Variations]"
Add component (AddParameter): Name = "Part Number"; Value = "SN74HC595D"; VariantName = "[No Variations]"
Add component (AddParameter): Name = "Pin Count"; Value = "16"; VariantName = "[No Variations]"
Add component (AddParameter): Name = "PressFit"; Value = "No"; VariantName = "[No Variations]"
Add component (AddParameter): Name = "Sense"; Value = "No"; VariantName = "[No Variations]"
Add component (AddParameter): Name = "SMD"; Value = "Yes"; VariantName = "[No Variations]"
Add component (AddParameter): Name = "Socket"; Value = "No"; VariantName = "[No Variations]"
Added Component: Designator=LED1(LED 5MM RED)
Add component. Clean all parameters for all variants
Added Component: Designator=LED2(LED 5MM RED)
Add component. Clean all parameters for all variants
Added Component: Designator=M1(NRF24L01P_M)
Add component. Clean all parameters for all variants
Added Component: Designator=M2(JOYSTICK)
Add component. Clean all parameters for all variants
Added Component: Designator=M3(JOYSTICK)
Add component. Clean all parameters for all variants
Added Component: Designator=R1(RES-SMD-01005)
Add component. Clean all parameters for all variants
Added Component: Designator=R2(RES-SMD-01005)
Add component. Clean all parameters for all variants
Added Component: Designator=R3(RES-SMD-01005)
Add component. Clean all parameters for all variants
Added Component: Designator=R4(RES-SMD-01005)
Add component. Clean all parameters for all variants
Added Component: Designator=R5(RES-SMD-01005)
Add component. Clean all parameters for all variants
Added Component: Designator=R6(RES-SMD-01005)
Add component. Clean all parameters for all variants
Added Component: Designator=R7(RES-SMD-01005)
Add component. Clean all parameters for all variants
Added Component: Designator=R8(RES-SMD-01005)
Add component. Clean all parameters for all variants
Added Component: Designator=R9(RES-SMD-01005)
Add component. Clean all parameters for all variants
Added Component: Designator=R10(RES-SMD-01005)
Add component. Clean all parameters for all variants
Added Component: Designator=R11(Res1/4W)
Add component. Clean all parameters for all variants
Added Component: Designator=R12(Res1/4W)
Add component. Clean all parameters for all variants
Added Component: Designator=U1(MODULE_ESP32-DEVKITC-32D)
Add component. Clean all parameters for all variants
Add component (AddParameter): Name = "Availability"; Value = "Unavailable"; VariantName = "[No Variations]"
Add component (AddParameter): Name = "MF"; Value = "Espressif Systems"; VariantName = "[No Variations]"
Add component (AddParameter): Name = "MP"; Value = "ESP32-DEVKITC-32D"; VariantName = "[No Variations]"
Add component (AddParameter): Name = "Package"; Value = "None"; VariantName = "[No Variations]"
Add component (AddParameter): Name = "Price"; Value = "None"; VariantName = "[No Variations]"
Add component (AddParameter): Name = "SnapEDA_Link"; Value = "https://www.snapeda.com/parts/ESP32-DEVKITC-32D/Espressif%20Systems/view-part/2777395/?ref=snap"; VariantName = "[No Variations]"
Add component (AddParameter): Name = "Value"; Value = ""; VariantName = "[No Variations]"
Added Component: Designator=U2(LCD_176X220_MODULE)
Add component. Clean all parameters for all variants
Add component (AddParameter): Name = "ComponentLink1Description"; Value = "Wiki"; VariantName = "[No Variations]"
Add component (AddParameter): Name = "ComponentLink1URL"; Value = "http://www.lcdwiki.com/2.8inch_SPI_Module_ILI9341_SKU:MSP2807"; VariantName = "[No Variations]"
Added Pin To Net: NetName=+3.3V Pin=C2-1
Added Pin To Net: NetName=+3.3V Pin=C3-2
Added Pin To Net: NetName=+3.3V Pin=C8-1
Added Pin To Net: NetName=+3.3V Pin=C9-2
Added Pin To Net: NetName=+3.3V Pin=C10-1
Added Pin To Net: NetName=+3.3V Pin=C11-1
Added Pin To Net: NetName=+3.3V Pin=C12-2
Added Pin To Net: NetName=+3.3V Pin=C13-2
Added Pin To Net: NetName=+3.3V Pin=C14-1
Added Pin To Net: NetName=+3.3V Pin=C15-2
Added Pin To Net: NetName=+3.3V Pin=IC1-10
Added Pin To Net: NetName=+3.3V Pin=IC1-16
Added Pin To Net: NetName=+3.3V Pin=IC2-10
Added Pin To Net: NetName=+3.3V Pin=IC2-16
Added Pin To Net: NetName=+3.3V Pin=M1-2
Added Pin To Net: NetName=+3.3V Pin=R1-2
Added Pin To Net: NetName=+3.3V Pin=R2-2
Added Pin To Net: NetName=+3.3V Pin=R4-1
Added Pin To Net: NetName=+3.3V Pin=R6-1
Added Pin To Net: NetName=+3.3V Pin=R7-1
Added Pin To Net: NetName=+3.3V Pin=R8-1
Added Pin To Net: NetName=+3.3V Pin=R12-2
Added Pin To Net: NetName=+3.3V Pin=U1-16
Added Pin To Net: NetName=+3.3V Pin=U2-2
Added Net: Name=+3.3V
Added Pin To Net: NetName=+5V Pin=C1-1
Added Pin To Net: NetName=+5V Pin=D1-2
Added Pin To Net: NetName=+5V Pin=D2-2
Added Pin To Net: NetName=+5V Pin=D3-2
Added Pin To Net: NetName=+5V Pin=F1-2
Added Pin To Net: NetName=+5V Pin=F1-2
Added Pin To Net: NetName=+5V Pin=R11-2
Added Net: Name=+5V
Added Pin To Net: NetName=B1 Pin=C?-2
Added Pin To Net: NetName=B1 Pin=M3-7
Added Pin To Net: NetName=B1 Pin=M3-7
Added Pin To Net: NetName=B1 Pin=R2-1
Added Pin To Net: NetName=B1 Pin=U1-6
Added Net: Name=B1
Added Pin To Net: NetName=B2 Pin=C?-2
Added Pin To Net: NetName=B2 Pin=M2-7
Added Pin To Net: NetName=B2 Pin=M2-7
Added Pin To Net: NetName=B2 Pin=R1-1
Added Pin To Net: NetName=B2 Pin=U1-7
Added Net: Name=B2
Added Pin To Net: NetName=CE_NRF Pin=M1-3
Added Pin To Net: NetName=CE_NRF Pin=U1-18
Added Net: Name=CE_NRF
Added Pin To Net: NetName=CSN_NRF Pin=M1-4
Added Pin To Net: NetName=CSN_NRF Pin=U1-23
Added Net: Name=CSN_NRF
Added Pin To Net: NetName=CX Pin=C5-2
Added Pin To Net: NetName=CX Pin=M2-5
Added Pin To Net: NetName=CX Pin=U1-2
Added Net: Name=CX
Added Pin To Net: NetName=CY Pin=C6-2
Added Pin To Net: NetName=CY Pin=M2-2
Added Pin To Net: NetName=CY Pin=U1-3
Added Net: Name=CY
Added Pin To Net: NetName=GND Pin=C1-2
Added Pin To Net: NetName=GND Pin=C2-2
Added Pin To Net: NetName=GND Pin=C3-1
Added Pin To Net: NetName=GND Pin=C4-1
Added Pin To Net: NetName=GND Pin=C5-1
Added Pin To Net: NetName=GND Pin=C6-1
Added Pin To Net: NetName=GND Pin=C7-1
Added Pin To Net: NetName=GND Pin=C8-2
Added Pin To Net: NetName=GND Pin=C9-1
Added Pin To Net: NetName=GND Pin=C10-2
Added Pin To Net: NetName=GND Pin=C11-2
Added Pin To Net: NetName=GND Pin=C12-1
Added Pin To Net: NetName=GND Pin=C13-1
Added Pin To Net: NetName=GND Pin=C14-2
Added Pin To Net: NetName=GND Pin=C15-1
Added Pin To Net: NetName=GND Pin=C?-1
Added Pin To Net: NetName=GND Pin=C?-1
Added Pin To Net: NetName=GND Pin=CN3-2
Added Pin To Net: NetName=GND Pin=D1-1
Added Pin To Net: NetName=GND Pin=D2-1
Added Pin To Net: NetName=GND Pin=D3-1
Added Pin To Net: NetName=GND Pin=IC1-8
Added Pin To Net: NetName=GND Pin=IC1-13
Added Pin To Net: NetName=GND Pin=IC2-8
Added Pin To Net: NetName=GND Pin=IC2-13
Added Pin To Net: NetName=GND Pin=LED1-2
Added Pin To Net: NetName=GND Pin=LED2-2
Added Pin To Net: NetName=GND Pin=M1-1
Added Pin To Net: NetName=GND Pin=M2-8
Added Pin To Net: NetName=GND Pin=M2-8
Added Pin To Net: NetName=GND Pin=M3-8
Added Pin To Net: NetName=GND Pin=M3-8
Added Pin To Net: NetName=GND Pin=R3-1
Added Pin To Net: NetName=GND Pin=R5-1
Added Pin To Net: NetName=GND Pin=R9-1
Added Pin To Net: NetName=GND Pin=R10-1
Added Pin To Net: NetName=GND Pin=U1-14
Added Pin To Net: NetName=GND Pin=U1-17
Added Pin To Net: NetName=GND Pin=U2-1
Added Net: Name=GND
Added Pin To Net: NetName=LCD_CS Pin=IC2-15
Added Pin To Net: NetName=LCD_CS Pin=U2-3
Added Net: Name=LCD_CS
Added Pin To Net: NetName=LCD_DB0 Pin=IC1-15
Added Pin To Net: NetName=LCD_DB0 Pin=U2-9
Added Net: Name=LCD_DB0
Added Pin To Net: NetName=LCD_DB1 Pin=IC1-1
Added Pin To Net: NetName=LCD_DB1 Pin=U2-10
Added Net: Name=LCD_DB1
Added Pin To Net: NetName=LCD_DB2 Pin=IC1-2
Added Pin To Net: NetName=LCD_DB2 Pin=U2-11
Added Net: Name=LCD_DB2
Added Pin To Net: NetName=LCD_DB3 Pin=IC1-3
Added Pin To Net: NetName=LCD_DB3 Pin=U2-12
Added Net: Name=LCD_DB3
Added Pin To Net: NetName=LCD_DB4 Pin=IC1-4
Added Pin To Net: NetName=LCD_DB4 Pin=U2-13
Added Net: Name=LCD_DB4
Added Pin To Net: NetName=LCD_DB5 Pin=IC1-5
Added Pin To Net: NetName=LCD_DB5 Pin=U2-14
Added Net: Name=LCD_DB5
Added Pin To Net: NetName=LCD_DB6 Pin=IC1-6
Added Pin To Net: NetName=LCD_DB6 Pin=U2-15
Added Net: Name=LCD_DB6
Added Pin To Net: NetName=LCD_DB7 Pin=IC1-7
Added Pin To Net: NetName=LCD_DB7 Pin=U2-16
Added Net: Name=LCD_DB7
Added Pin To Net: NetName=LCD_LED Pin=IC2-5
Added Pin To Net: NetName=LCD_LED Pin=U2-8
Added Net: Name=LCD_LED
Added Pin To Net: NetName=LCD_RD Pin=IC2-3
Added Pin To Net: NetName=LCD_RD Pin=U2-6
Added Net: Name=LCD_RD
Added Pin To Net: NetName=LCD_RS Pin=IC2-1
Added Pin To Net: NetName=LCD_RS Pin=U2-4
Added Net: Name=LCD_RS
Added Pin To Net: NetName=LCD_RST Pin=IC2-4
Added Pin To Net: NetName=LCD_RST Pin=U2-7
Added Net: Name=LCD_RST
Added Pin To Net: NetName=LCD_WR Pin=IC2-2
Added Pin To Net: NetName=LCD_WR Pin=U2-5
Added Net: Name=LCD_WR
Added Pin To Net: NetName=MOSI_NRF Pin=M1-6
Added Pin To Net: NetName=MOSI_NRF Pin=M1-7
Added Pin To Net: NetName=MOSI_NRF Pin=U1-21
Added Pin To Net: NetName=MOSI_NRF Pin=U1-22
Added Net: Name=MOSI_NRF
Added Pin To Net: NetName=MX Pin=C4-2
Added Pin To Net: NetName=MX Pin=M3-5
Added Pin To Net: NetName=MX Pin=U1-4
Added Net: Name=MX
Added Pin To Net: NetName=MY Pin=C7-2
Added Pin To Net: NetName=MY Pin=M3-2
Added Pin To Net: NetName=MY Pin=U1-5
Added Net: Name=MY
Added Pin To Net: NetName=NetCN3_1 Pin=CN3-1
Added Pin To Net: NetName=NetCN3_1 Pin=F1-1
Added Pin To Net: NetName=NetCN3_1 Pin=F1-1
Added Net: Name=NetCN3_1
Added Pin To Net: NetName=NetD4_2 Pin=D4-2
Added Pin To Net: NetName=NetD4_2 Pin=U1-15
Added Net: Name=NetD4_2
Added Pin To Net: NetName=NetIC1_9 Pin=IC1-9
Added Pin To Net: NetName=NetIC1_9 Pin=IC2-14
Added Net: Name=NetIC1_9
Added Pin To Net: NetName=NetLED1_1 Pin=LED1-1
Added Pin To Net: NetName=NetLED1_1 Pin=R11-1
Added Net: Name=NetLED1_1
Added Pin To Net: NetName=NetLED2_1 Pin=LED2-1
Added Pin To Net: NetName=NetLED2_1 Pin=R12-1
Added Net: Name=NetLED2_1
Added Pin To Net: NetName=NetM2_1 Pin=M2-1
Added Pin To Net: NetName=NetM2_1 Pin=R3-2
Added Net: Name=NetM2_1
Added Pin To Net: NetName=NetM2_3 Pin=M2-3
Added Pin To Net: NetName=NetM2_3 Pin=R4-2
Added Net: Name=NetM2_3
Added Pin To Net: NetName=NetM2_4 Pin=M2-4
Added Pin To Net: NetName=NetM2_4 Pin=R9-2
Added Net: Name=NetM2_4
Added Pin To Net: NetName=NetM2_6 Pin=M2-6
Added Pin To Net: NetName=NetM2_6 Pin=R7-2
Added Net: Name=NetM2_6
Added Pin To Net: NetName=NetM3_1 Pin=M3-1
Added Pin To Net: NetName=NetM3_1 Pin=R5-2
Added Net: Name=NetM3_1
Added Pin To Net: NetName=NetM3_3 Pin=M3-3
Added Pin To Net: NetName=NetM3_3 Pin=R6-2
Added Net: Name=NetM3_3
Added Pin To Net: NetName=NetM3_4 Pin=M3-4
Added Pin To Net: NetName=NetM3_4 Pin=R10-2
Added Net: Name=NetM3_4
Added Pin To Net: NetName=NetM3_6 Pin=M3-6
Added Pin To Net: NetName=NetM3_6 Pin=R8-2
Added Net: Name=NetM3_6
Added Pin To Net: NetName=SCK_NRF Pin=M1-5
Added Pin To Net: NetName=SCK_NRF Pin=U1-20
Added Net: Name=SCK_NRF
Added Pin To Net: NetName=SPI_CLK Pin=IC1-11
Added Pin To Net: NetName=SPI_CLK Pin=IC2-11
Added Pin To Net: NetName=SPI_CLK Pin=U1-10
Added Net: Name=SPI_CLK
Added Pin To Net: NetName=SPI_CS Pin=IC1-12
Added Pin To Net: NetName=SPI_CS Pin=IC2-12
Added Pin To Net: NetName=SPI_CS Pin=U1-9
Added Net: Name=SPI_CS
Added Pin To Net: NetName=SPI_MOSI Pin=IC1-14
Added Pin To Net: NetName=SPI_MOSI Pin=U1-11
Added Net: Name=SPI_MOSI
Added Pin To Net: NetName=V_ESPU Pin=D4-1
Added Net: Name=V_ESPU
Added Class: Name=Sheet1
