Removed Pin From Net: NetName=CE_NRF Pin=U1-18
Removed Pin From Net: NetName=SCK_NRF Pin=U1-20
Removed Pin From Net: NetName=MOSI_NRF Pin=U1-21
Removed Pin From Net: NetName=MISO_NRF Pin=U1-22
Removed Pin From Net: NetName=CSN_NRF Pin=U1-23
Change Component Footprint: Designator=R19 Old Footprint=CAP-SMD-2512 New Footprint=RES-SMD-2512
Change Component Footprint: Designator=R20 Old Footprint=CAP-SMD-2512 New Footprint=RES-SMD-2512
Change Component Footprint: Designator=R21 Old Footprint=CAP-SMD-2512 New Footprint=RES-SMD-2512
Change Component Footprint: Designator=R22 Old Footprint=CAP-SMD-2512 New Footprint=RES-SMD-2512
Change Component Comment : Designator=R19 Old Comment=104 New Comment=0R
Change Component Comment : Designator=R20 Old Comment=104 New Comment=0R
Change Component Comment : Designator=R21 Old Comment=104 New Comment=0R
Change Component Comment : Designator=R22 Old Comment=104 New Comment=0R
Added Pin To Net: NetName=CE_NRF Pin=U1-21
Added Pin To Net: NetName=SCK_NRF Pin=U1-22
Added Pin To Net: NetName=MOSI_NRF Pin=U1-23
Added Pin To Net: NetName=MISO_NRF Pin=U1-24
Added Pin To Net: NetName=CSN_NRF Pin=U1-25
Added Member To Class: ClassName=Sheet1 Member=Component R17 0R
Added Member To Class: ClassName=Sheet1 Member=Component R18 0R
Added Member To Class: ClassName=Sheet1 Member=Component R19 0R
Added Member To Class: ClassName=Sheet1 Member=Component R20 0R
Added Member To Class: ClassName=Sheet1 Member=Component R21 0R
Added Member To Class: ClassName=Sheet1 Member=Component R22 0R
