Replace Part C1 Cap-Pol-Dip in E:\NEW_DATA\Project\RCC_LCD176X220_NRF24L01\Sheet1.SchDoc with Cap-Pol-Dip from Library.IntLib
Replace Part C2 Cap-Pol-Dip in E:\NEW_DATA\Project\RCC_LCD176X220_NRF24L01\Sheet1.SchDoc with Cap-Pol-Dip from Library.IntLib
Replace Part C3 Cap-Non-Dip in E:\NEW_DATA\Project\RCC_LCD176X220_NRF24L01\Sheet1.SchDoc with Cap-Non-Dip from Library.IntLib
Replace Part C4 Cap-Non-SMD in E:\NEW_DATA\Project\RCC_LCD176X220_NRF24L01\Sheet1.SchDoc with Cap-Non-SMD from Library.IntLib
Replace Part C5 Cap-Non-SMD in E:\NEW_DATA\Project\RCC_LCD176X220_NRF24L01\Sheet1.SchDoc with Cap-Non-SMD from Library.IntLib
Replace Part C6 Cap-Non-SMD in E:\NEW_DATA\Project\RCC_LCD176X220_NRF24L01\Sheet1.SchDoc with Cap-Non-SMD from Library.IntLib
Replace Part C7 Cap-Non-SMD in E:\NEW_DATA\Project\RCC_LCD176X220_NRF24L01\Sheet1.SchDoc with Cap-Non-SMD from Library.IntLib
Replace Part C8 Cap-Pol-Dip in E:\NEW_DATA\Project\RCC_LCD176X220_NRF24L01\Sheet1.SchDoc with Cap-Pol-Dip from Library.IntLib
Replace Part C9 Cap-Non-Dip in E:\NEW_DATA\Project\RCC_LCD176X220_NRF24L01\Sheet1.SchDoc with Cap-Non-Dip from Library.IntLib
Replace Part C10 Cap-Pol-Dip in E:\NEW_DATA\Project\RCC_LCD176X220_NRF24L01\Sheet1.SchDoc with Cap-Pol-Dip from Library.IntLib
Replace Part C11 Cap-Pol-Dip in E:\NEW_DATA\Project\RCC_LCD176X220_NRF24L01\Sheet1.SchDoc with Cap-Pol-Dip from Library.IntLib
Replace Part C12 Cap-Non-Dip in E:\NEW_DATA\Project\RCC_LCD176X220_NRF24L01\Sheet1.SchDoc with Cap-Non-Dip from Library.IntLib
Replace Part C13 Cap-Non-Dip in E:\NEW_DATA\Project\RCC_LCD176X220_NRF24L01\Sheet1.SchDoc with Cap-Non-Dip from Library.IntLib
Replace Part C14 Cap-Pol-Dip in E:\NEW_DATA\Project\RCC_LCD176X220_NRF24L01\Sheet1.SchDoc with Cap-Pol-Dip from Library.IntLib
Replace Part C15 Cap-Non-Dip in E:\NEW_DATA\Project\RCC_LCD176X220_NRF24L01\Sheet1.SchDoc with Cap-Non-Dip from Library.IntLib
Replace Part C? Cap-Non-SMD in E:\NEW_DATA\Project\RCC_LCD176X220_NRF24L01\Sheet1.SchDoc with Cap-Non-SMD from Library.IntLib
Replace Part C? Cap-Non-SMD in E:\NEW_DATA\Project\RCC_LCD176X220_NRF24L01\Sheet1.SchDoc with Cap-Non-SMD from Library.IntLib
Replace Part CN3 KF 2 in E:\NEW_DATA\Project\RCC_LCD176X220_NRF24L01\Sheet1.SchDoc with KF 2 from Library.IntLib
Replace Part D1 Diode SMD in E:\NEW_DATA\Project\RCC_LCD176X220_NRF24L01\Sheet1.SchDoc with Diode SMD from Library.IntLib
Replace Part D2 Diode SMD in E:\NEW_DATA\Project\RCC_LCD176X220_NRF24L01\Sheet1.SchDoc with Diode SMD from Library.IntLib
Replace Part D3 Diode SMD in E:\NEW_DATA\Project\RCC_LCD176X220_NRF24L01\Sheet1.SchDoc with Diode SMD from Library.IntLib
Replace Part D4 Diode SMD in E:\NEW_DATA\Project\RCC_LCD176X220_NRF24L01\Sheet1.SchDoc with Diode SMD from Library.IntLib
Replace Part F1 Fuse Dip in E:\NEW_DATA\Project\RCC_LCD176X220_NRF24L01\Sheet1.SchDoc with Fuse Dip from Library.IntLib
Replace Part IC1 74595 in E:\NEW_DATA\Project\RCC_LCD176X220_NRF24L01\Sheet1.SchDoc with 74595 from ICs And Semiconductors.DbLib
Replace Part IC2 74595 in E:\NEW_DATA\Project\RCC_LCD176X220_NRF24L01\Sheet1.SchDoc with 74595 from ICs And Semiconductors.DbLib
Replace Part LED1 LED in E:\NEW_DATA\Project\RCC_LCD176X220_NRF24L01\Sheet1.SchDoc with LED from Library.IntLib
Replace Part LED2 LED in E:\NEW_DATA\Project\RCC_LCD176X220_NRF24L01\Sheet1.SchDoc with LED from Library.IntLib
Replace Part M1 NRF24L01 in E:\NEW_DATA\Project\RCC_LCD176X220_NRF24L01\Sheet1.SchDoc with NRF24L01 from TOAN_VERSION_1_0.IntLib
Replace Part M2 JOYSTICK in E:\NEW_DATA\Project\RCC_LCD176X220_NRF24L01\Sheet1.SchDoc with JOYSTICK from TOAN_VERSION_1_0.IntLib
Replace Part M3 JOYSTICK in E:\NEW_DATA\Project\RCC_LCD176X220_NRF24L01\Sheet1.SchDoc with JOYSTICK from TOAN_VERSION_1_0.IntLib
Replace Part R1 Res SMD in E:\NEW_DATA\Project\RCC_LCD176X220_NRF24L01\Sheet1.SchDoc with Res SMD from Library.IntLib
Replace Part R2 Res SMD in E:\NEW_DATA\Project\RCC_LCD176X220_NRF24L01\Sheet1.SchDoc with Res SMD from Library.IntLib
Replace Part R3 Res SMD in E:\NEW_DATA\Project\RCC_LCD176X220_NRF24L01\Sheet1.SchDoc with Res SMD from Library.IntLib
Replace Part R4 Res SMD in E:\NEW_DATA\Project\RCC_LCD176X220_NRF24L01\Sheet1.SchDoc with Res SMD from Library.IntLib
Replace Part R5 Res SMD in E:\NEW_DATA\Project\RCC_LCD176X220_NRF24L01\Sheet1.SchDoc with Res SMD from Library.IntLib
Replace Part R6 Res SMD in E:\NEW_DATA\Project\RCC_LCD176X220_NRF24L01\Sheet1.SchDoc with Res SMD from Library.IntLib
Replace Part R7 Res SMD in E:\NEW_DATA\Project\RCC_LCD176X220_NRF24L01\Sheet1.SchDoc with Res SMD from Library.IntLib
Replace Part R8 Res SMD in E:\NEW_DATA\Project\RCC_LCD176X220_NRF24L01\Sheet1.SchDoc with Res SMD from Library.IntLib
Replace Part R9 Res SMD in E:\NEW_DATA\Project\RCC_LCD176X220_NRF24L01\Sheet1.SchDoc with Res SMD from Library.IntLib
Replace Part R10 Res SMD in E:\NEW_DATA\Project\RCC_LCD176X220_NRF24L01\Sheet1.SchDoc with Res SMD from Library.IntLib
Replace Part R11 Res 1/4W in E:\NEW_DATA\Project\RCC_LCD176X220_NRF24L01\Sheet1.SchDoc with Res 1/4W from Library.IntLib
Replace Part R12 Res 1/4W in E:\NEW_DATA\Project\RCC_LCD176X220_NRF24L01\Sheet1.SchDoc with Res 1/4W from Library.IntLib
Replace Part U1 ESP32-DEVKIT-V1 in E:\NEW_DATA\Project\RCC_LCD176X220_NRF24L01\Sheet1.SchDoc with ESP32-DEVKIT-V1 from TOAN_VERSION_1_0.IntLib
Replace Part U2 LCD_176x220_ST7775R in E:\NEW_DATA\Project\RCC_LCD176X220_NRF24L01\Sheet1.SchDoc with LCD_176x220_ST7775R from TOAN_VERSION_1_0.IntLib
